<?xml version="1.0" encoding="UTF-8"?>
<!-- Generated by org.testng.reporters.JUnitXMLReporter -->
<testsuite hostname="DESKTOP-0I2NV3F" ignored="0" name="Default test" tests="3" failures="0" timestamp="2021-12-06T21:29:22 IST" time="20.092" errors="0">
  <testcase name="addingCustomerValidation" time="0.808" classname="ManagerTestCases.ManagerPageTest"/>
  <testcase name="openAccountTest" time="1.721" classname="ManagerTestCases.ManagerPageTest"/>
  <testcase name="customerSearchtTest" time="0.569" classname="ManagerTestCases.ManagerPageTest"/>
</testsuite> <!-- Default test -->
