<?xml version="1.0" encoding="UTF-8"?>
<testng-results skipped="0" failed="0" ignored="0" total="3" passed="3">
  <reporter-output>
  </reporter-output>
  <suite name="Default suite" duration-ms="20092" started-at="2021-12-06T21:29:02 IST" finished-at="2021-12-06T21:29:22 IST">
    <groups>
    </groups>
    <test name="Default test" duration-ms="20092" started-at="2021-12-06T21:29:02 IST" finished-at="2021-12-06T21:29:22 IST">
      <class name="ManagerTestCases.ManagerPageTest">
        <test-method status="PASS" signature="lauchBrowser()[pri:0, instance:ManagerTestCases.ManagerPageTest@26aa12dd]" name="lauchBrowser" is-config="true" duration-ms="14967" started-at="2021-12-06T21:29:02 IST" finished-at="2021-12-06T21:29:17 IST">
          <reporter-output>
          </reporter-output>
        </test-method> <!-- lauchBrowser -->
        <test-method status="PASS" signature="addingCustomerValidation()[pri:1, instance:ManagerTestCases.ManagerPageTest@26aa12dd]" name="addingCustomerValidation" duration-ms="808" started-at="2021-12-06T21:29:17 IST" finished-at="2021-12-06T21:29:18 IST">
          <reporter-output>
          </reporter-output>
        </test-method> <!-- addingCustomerValidation -->
        <test-method status="PASS" signature="openAccountTest()[pri:2, instance:ManagerTestCases.ManagerPageTest@26aa12dd]" name="openAccountTest" duration-ms="1721" started-at="2021-12-06T21:29:18 IST" finished-at="2021-12-06T21:29:20 IST">
          <reporter-output>
          </reporter-output>
        </test-method> <!-- openAccountTest -->
        <test-method status="PASS" signature="customerSearchtTest()[pri:3, instance:ManagerTestCases.ManagerPageTest@26aa12dd]" name="customerSearchtTest" duration-ms="569" started-at="2021-12-06T21:29:20 IST" finished-at="2021-12-06T21:29:20 IST">
          <reporter-output>
          </reporter-output>
        </test-method> <!-- customerSearchtTest -->
        <test-method status="PASS" signature="tearDown()[pri:0, instance:ManagerTestCases.ManagerPageTest@26aa12dd]" name="tearDown" is-config="true" duration-ms="1815" started-at="2021-12-06T21:29:20 IST" finished-at="2021-12-06T21:29:22 IST">
          <reporter-output>
          </reporter-output>
        </test-method> <!-- tearDown -->
      </class> <!-- ManagerTestCases.ManagerPageTest -->
    </test> <!-- Default test -->
  </suite> <!-- Default suite -->
</testng-results>
